[2025-11-29T01:19:38.385+0000] {taskinstance.py:1957} INFO - Dependencies all met for dep_context=non-requeueable deps ti=<TaskInstance: smart_access_pipeline.generate_synthetic_data manual__2025-11-29T01:09:36.775227+00:00 [queued]>
[2025-11-29T01:19:38.389+0000] {taskinstance.py:1957} INFO - Dependencies all met for dep_context=requeueable deps ti=<TaskInstance: smart_access_pipeline.generate_synthetic_data manual__2025-11-29T01:09:36.775227+00:00 [queued]>
[2025-11-29T01:19:38.390+0000] {taskinstance.py:2171} INFO - Starting attempt 3 of 3
[2025-11-29T01:19:38.396+0000] {taskinstance.py:2192} INFO - Executing <Task(BashOperator): generate_synthetic_data> on 2025-11-29 01:09:36.775227+00:00
[2025-11-29T01:19:38.398+0000] {standard_task_runner.py:60} INFO - Started process 453 to run task
[2025-11-29T01:19:38.399+0000] {standard_task_runner.py:87} INFO - Running: ['***', 'tasks', 'run', 'smart_access_pipeline', 'generate_synthetic_data', 'manual__2025-11-29T01:09:36.775227+00:00', '--job-id', '7', '--raw', '--subdir', 'DAGS_FOLDER/smart_access_pipeline_dag.py', '--cfg-path', '/tmp/tmpgh37c44p']
[2025-11-29T01:19:38.401+0000] {standard_task_runner.py:88} INFO - Job 7: Subtask generate_synthetic_data
[2025-11-29T01:19:38.421+0000] {task_command.py:423} INFO - Running <TaskInstance: smart_access_pipeline.generate_synthetic_data manual__2025-11-29T01:09:36.775227+00:00 [running]> on host 990ecb29128d
[2025-11-29T01:19:38.450+0000] {taskinstance.py:2481} INFO - Exporting env vars: AIRFLOW_CTX_DAG_OWNER='data_engineering' AIRFLOW_CTX_DAG_ID='smart_access_pipeline' AIRFLOW_CTX_TASK_ID='generate_synthetic_data' AIRFLOW_CTX_EXECUTION_DATE='2025-11-29T01:09:36.775227+00:00' AIRFLOW_CTX_TRY_NUMBER='3' AIRFLOW_CTX_DAG_RUN_ID='manual__2025-11-29T01:09:36.775227+00:00'
[2025-11-29T01:19:38.451+0000] {subprocess.py:63} INFO - Tmp dir root location: /tmp
[2025-11-29T01:19:38.451+0000] {subprocess.py:75} INFO - Running command: ['/usr/bin/bash', '-c', '/opt/venv/bin/python /opt/etl/generate_synthetic_data.py']
[2025-11-29T01:19:38.454+0000] {subprocess.py:86} INFO - Output:
[2025-11-29T01:19:38.455+0000] {subprocess.py:93} INFO - /usr/bin/bash: line 1: /opt/venv/bin/python: No such file or directory
[2025-11-29T01:19:38.455+0000] {subprocess.py:97} INFO - Command exited with return code 127
[2025-11-29T01:19:38.460+0000] {taskinstance.py:2699} ERROR - Task failed with exception
Traceback (most recent call last):
  File "/home/airflow/.local/lib/python3.11/site-packages/airflow/models/taskinstance.py", line 428, in _execute_task
    result = execute_callable(context=context, **execute_callable_kwargs)
             ^^^^^^^^^^^^^^^^^^^^^^^^^^^^^^^^^^^^^^^^^^^^^^^^^^^^^^^^^^^^
  File "/home/airflow/.local/lib/python3.11/site-packages/airflow/operators/bash.py", line 212, in execute
    raise AirflowException(
airflow.exceptions.AirflowException: Bash command failed. The command returned a non-zero exit code 127.
[2025-11-29T01:19:38.461+0000] {taskinstance.py:1138} INFO - Marking task as FAILED. dag_id=smart_access_pipeline, task_id=generate_synthetic_data, execution_date=20251129T010936, start_date=20251129T011938, end_date=20251129T011938
[2025-11-29T01:19:38.466+0000] {standard_task_runner.py:107} ERROR - Failed to execute job 7 for task generate_synthetic_data (Bash command failed. The command returned a non-zero exit code 127.; 453)
[2025-11-29T01:19:38.500+0000] {local_task_job_runner.py:234} INFO - Task exited with return code 1
[2025-11-29T01:19:38.514+0000] {taskinstance.py:3281} INFO - 0 downstream tasks scheduled from follow-on schedule check
