[2025-11-30T02:26:51.424+0000] {taskinstance.py:1957} INFO - Dependencies all met for dep_context=non-requeueable deps ti=<TaskInstance: smart_access_pipeline.load_to_postgres scheduled__2025-11-29T02:00:00+00:00 [queued]>
[2025-11-30T02:26:51.427+0000] {taskinstance.py:1957} INFO - Dependencies all met for dep_context=requeueable deps ti=<TaskInstance: smart_access_pipeline.load_to_postgres scheduled__2025-11-29T02:00:00+00:00 [queued]>
[2025-11-30T02:26:51.427+0000] {taskinstance.py:2171} INFO - Starting attempt 3 of 3
[2025-11-30T02:26:51.431+0000] {taskinstance.py:2192} INFO - Executing <Task(BashOperator): load_to_postgres> on 2025-11-29 02:00:00+00:00
[2025-11-30T02:26:51.433+0000] {standard_task_runner.py:60} INFO - Started process 509 to run task
[2025-11-30T02:26:51.435+0000] {standard_task_runner.py:87} INFO - Running: ['***', 'tasks', 'run', 'smart_access_pipeline', 'load_to_postgres', 'scheduled__2025-11-29T02:00:00+00:00', '--job-id', '26', '--raw', '--subdir', 'DAGS_FOLDER/smart_access_pipeline_dag.py', '--cfg-path', '/tmp/tmp1fw4epzm']
[2025-11-30T02:26:51.437+0000] {standard_task_runner.py:88} INFO - Job 26: Subtask load_to_postgres
[2025-11-30T02:26:51.457+0000] {task_command.py:423} INFO - Running <TaskInstance: smart_access_pipeline.load_to_postgres scheduled__2025-11-29T02:00:00+00:00 [running]> on host e4a35d59b81b
[2025-11-30T02:26:51.486+0000] {taskinstance.py:2481} INFO - Exporting env vars: AIRFLOW_CTX_DAG_OWNER='data_engineering' AIRFLOW_CTX_DAG_ID='smart_access_pipeline' AIRFLOW_CTX_TASK_ID='load_to_postgres' AIRFLOW_CTX_EXECUTION_DATE='2025-11-29T02:00:00+00:00' AIRFLOW_CTX_TRY_NUMBER='3' AIRFLOW_CTX_DAG_RUN_ID='scheduled__2025-11-29T02:00:00+00:00'
[2025-11-30T02:26:51.486+0000] {subprocess.py:63} INFO - Tmp dir root location: /tmp
[2025-11-30T02:26:51.487+0000] {subprocess.py:75} INFO - Running command: ['/usr/bin/bash', '-c', 'python /opt/***/etl/load_to_postgres.py']
[2025-11-30T02:26:51.490+0000] {subprocess.py:86} INFO - Output:
[2025-11-30T02:26:51.674+0000] {subprocess.py:93} INFO - Traceback (most recent call last):
[2025-11-30T02:26:51.675+0000] {subprocess.py:93} INFO -   File "/opt/***/etl/load_to_postgres.py", line 7, in <module>
[2025-11-30T02:26:51.675+0000] {subprocess.py:93} INFO -     conn = psycopg2.connect(
[2025-11-30T02:26:51.675+0000] {subprocess.py:93} INFO -            ^^^^^^^^^^^^^^^^^
[2025-11-30T02:26:51.675+0000] {subprocess.py:93} INFO -   File "/home/***/.local/lib/python3.11/site-packages/psycopg2/__init__.py", line 122, in connect
[2025-11-30T02:26:51.675+0000] {subprocess.py:93} INFO -     conn = _connect(dsn, connection_factory=connection_factory, **kwasync)
[2025-11-30T02:26:51.675+0000] {subprocess.py:93} INFO -            ^^^^^^^^^^^^^^^^^^^^^^^^^^^^^^^^^^^^^^^^^^^^^^^^^^^^^^^^^^^^^^^
[2025-11-30T02:26:51.675+0000] {subprocess.py:93} INFO - psycopg2.OperationalError: connection to server at "localhost" (::1), port 5432 failed: Connection refused
[2025-11-30T02:26:51.675+0000] {subprocess.py:93} INFO - 	Is the server running on that host and accepting TCP/IP connections?
[2025-11-30T02:26:51.675+0000] {subprocess.py:93} INFO - connection to server at "localhost" (127.0.0.1), port 5432 failed: Connection refused
[2025-11-30T02:26:51.676+0000] {subprocess.py:93} INFO - 	Is the server running on that host and accepting TCP/IP connections?
[2025-11-30T02:26:51.676+0000] {subprocess.py:93} INFO - 
[2025-11-30T02:26:51.701+0000] {subprocess.py:97} INFO - Command exited with return code 1
[2025-11-30T02:26:51.706+0000] {taskinstance.py:2699} ERROR - Task failed with exception
Traceback (most recent call last):
  File "/home/airflow/.local/lib/python3.11/site-packages/airflow/models/taskinstance.py", line 428, in _execute_task
    result = execute_callable(context=context, **execute_callable_kwargs)
             ^^^^^^^^^^^^^^^^^^^^^^^^^^^^^^^^^^^^^^^^^^^^^^^^^^^^^^^^^^^^
  File "/home/airflow/.local/lib/python3.11/site-packages/airflow/operators/bash.py", line 212, in execute
    raise AirflowException(
airflow.exceptions.AirflowException: Bash command failed. The command returned a non-zero exit code 1.
[2025-11-30T02:26:51.708+0000] {taskinstance.py:1138} INFO - Marking task as FAILED. dag_id=smart_access_pipeline, task_id=load_to_postgres, execution_date=20251129T020000, start_date=20251130T022651, end_date=20251130T022651
[2025-11-30T02:26:51.712+0000] {standard_task_runner.py:107} ERROR - Failed to execute job 26 for task load_to_postgres (Bash command failed. The command returned a non-zero exit code 1.; 509)
[2025-11-30T02:26:51.746+0000] {local_task_job_runner.py:234} INFO - Task exited with return code 1
[2025-11-30T02:26:51.756+0000] {taskinstance.py:3281} INFO - 0 downstream tasks scheduled from follow-on schedule check
