[2025-11-29T01:09:37.136+0000] {taskinstance.py:1957} INFO - Dependencies all met for dep_context=non-requeueable deps ti=<TaskInstance: smart_access_pipeline.generate_synthetic_data scheduled__2025-11-27T02:00:00+00:00 [queued]>
[2025-11-29T01:09:37.143+0000] {taskinstance.py:1957} INFO - Dependencies all met for dep_context=requeueable deps ti=<TaskInstance: smart_access_pipeline.generate_synthetic_data scheduled__2025-11-27T02:00:00+00:00 [queued]>
[2025-11-29T01:09:37.143+0000] {taskinstance.py:2171} INFO - Starting attempt 1 of 3
[2025-11-29T01:09:37.149+0000] {taskinstance.py:2192} INFO - Executing <Task(BashOperator): generate_synthetic_data> on 2025-11-27 02:00:00+00:00
[2025-11-29T01:09:37.151+0000] {standard_task_runner.py:60} INFO - Started process 227 to run task
[2025-11-29T01:09:37.153+0000] {standard_task_runner.py:87} INFO - Running: ['***', 'tasks', 'run', 'smart_access_pipeline', 'generate_synthetic_data', 'scheduled__2025-11-27T02:00:00+00:00', '--job-id', '3', '--raw', '--subdir', 'DAGS_FOLDER/smart_access_pipeline_dag.py', '--cfg-path', '/tmp/tmpdyhlgkyt']
[2025-11-29T01:09:37.155+0000] {standard_task_runner.py:88} INFO - Job 3: Subtask generate_synthetic_data
[2025-11-29T01:09:37.187+0000] {task_command.py:423} INFO - Running <TaskInstance: smart_access_pipeline.generate_synthetic_data scheduled__2025-11-27T02:00:00+00:00 [running]> on host 990ecb29128d
[2025-11-29T01:09:37.231+0000] {taskinstance.py:2481} INFO - Exporting env vars: AIRFLOW_CTX_DAG_OWNER='data_engineering' AIRFLOW_CTX_DAG_ID='smart_access_pipeline' AIRFLOW_CTX_TASK_ID='generate_synthetic_data' AIRFLOW_CTX_EXECUTION_DATE='2025-11-27T02:00:00+00:00' AIRFLOW_CTX_TRY_NUMBER='1' AIRFLOW_CTX_DAG_RUN_ID='scheduled__2025-11-27T02:00:00+00:00'
[2025-11-29T01:09:37.232+0000] {subprocess.py:63} INFO - Tmp dir root location: /tmp
[2025-11-29T01:09:37.232+0000] {subprocess.py:75} INFO - Running command: ['/usr/bin/bash', '-c', '/opt/venv/bin/python /opt/etl/generate_synthetic_data.py']
[2025-11-29T01:09:37.236+0000] {subprocess.py:86} INFO - Output:
[2025-11-29T01:09:37.236+0000] {subprocess.py:93} INFO - /usr/bin/bash: line 1: /opt/venv/bin/python: No such file or directory
[2025-11-29T01:09:37.236+0000] {subprocess.py:97} INFO - Command exited with return code 127
[2025-11-29T01:09:37.242+0000] {taskinstance.py:2699} ERROR - Task failed with exception
Traceback (most recent call last):
  File "/home/airflow/.local/lib/python3.11/site-packages/airflow/models/taskinstance.py", line 428, in _execute_task
    result = execute_callable(context=context, **execute_callable_kwargs)
             ^^^^^^^^^^^^^^^^^^^^^^^^^^^^^^^^^^^^^^^^^^^^^^^^^^^^^^^^^^^^
  File "/home/airflow/.local/lib/python3.11/site-packages/airflow/operators/bash.py", line 212, in execute
    raise AirflowException(
airflow.exceptions.AirflowException: Bash command failed. The command returned a non-zero exit code 127.
[2025-11-29T01:09:37.245+0000] {taskinstance.py:1138} INFO - Marking task as UP_FOR_RETRY. dag_id=smart_access_pipeline, task_id=generate_synthetic_data, execution_date=20251127T020000, start_date=20251129T010937, end_date=20251129T010937
[2025-11-29T01:09:37.250+0000] {standard_task_runner.py:107} ERROR - Failed to execute job 3 for task generate_synthetic_data (Bash command failed. The command returned a non-zero exit code 127.; 227)
[2025-11-29T01:09:37.292+0000] {local_task_job_runner.py:234} INFO - Task exited with return code 1
[2025-11-29T01:09:37.304+0000] {taskinstance.py:3281} INFO - 0 downstream tasks scheduled from follow-on schedule check
[2025-11-29T01:32:00.517+0000] {taskinstance.py:1957} INFO - Dependencies all met for dep_context=non-requeueable deps ti=<TaskInstance: smart_access_pipeline.generate_synthetic_data scheduled__2025-11-27T02:00:00+00:00 [queued]>
[2025-11-29T01:32:00.521+0000] {taskinstance.py:1957} INFO - Dependencies all met for dep_context=requeueable deps ti=<TaskInstance: smart_access_pipeline.generate_synthetic_data scheduled__2025-11-27T02:00:00+00:00 [queued]>
[2025-11-29T01:32:00.521+0000] {taskinstance.py:2171} INFO - Starting attempt 1 of 3
[2025-11-29T01:32:00.525+0000] {taskinstance.py:2192} INFO - Executing <Task(BashOperator): generate_synthetic_data> on 2025-11-27 02:00:00+00:00
[2025-11-29T01:32:00.528+0000] {standard_task_runner.py:60} INFO - Started process 332 to run task
[2025-11-29T01:32:00.529+0000] {standard_task_runner.py:87} INFO - Running: ['***', 'tasks', 'run', 'smart_access_pipeline', 'generate_synthetic_data', 'scheduled__2025-11-27T02:00:00+00:00', '--job-id', '12', '--raw', '--subdir', 'DAGS_FOLDER/smart_access_pipeline_dag.py', '--cfg-path', '/tmp/tmplqd5v6ls']
[2025-11-29T01:32:00.531+0000] {standard_task_runner.py:88} INFO - Job 12: Subtask generate_synthetic_data
[2025-11-29T01:32:00.553+0000] {task_command.py:423} INFO - Running <TaskInstance: smart_access_pipeline.generate_synthetic_data scheduled__2025-11-27T02:00:00+00:00 [running]> on host e4a35d59b81b
[2025-11-29T01:32:00.585+0000] {taskinstance.py:2481} INFO - Exporting env vars: AIRFLOW_CTX_DAG_OWNER='data_engineering' AIRFLOW_CTX_DAG_ID='smart_access_pipeline' AIRFLOW_CTX_TASK_ID='generate_synthetic_data' AIRFLOW_CTX_EXECUTION_DATE='2025-11-27T02:00:00+00:00' AIRFLOW_CTX_TRY_NUMBER='1' AIRFLOW_CTX_DAG_RUN_ID='scheduled__2025-11-27T02:00:00+00:00'
[2025-11-29T01:32:00.586+0000] {subprocess.py:63} INFO - Tmp dir root location: /tmp
[2025-11-29T01:32:00.586+0000] {subprocess.py:75} INFO - Running command: ['/usr/bin/bash', '-c', 'python /opt/***/etl/generate_synthetic_data.py']
[2025-11-29T01:32:00.590+0000] {subprocess.py:86} INFO - Output:
[2025-11-29T01:32:05.007+0000] {subprocess.py:97} INFO - Command exited with return code 0
[2025-11-29T01:32:05.020+0000] {taskinstance.py:1138} INFO - Marking task as SUCCESS. dag_id=smart_access_pipeline, task_id=generate_synthetic_data, execution_date=20251127T020000, start_date=20251129T013200, end_date=20251129T013205
[2025-11-29T01:32:05.040+0000] {local_task_job_runner.py:234} INFO - Task exited with return code 0
[2025-11-29T01:32:05.050+0000] {taskinstance.py:3281} INFO - 1 downstream tasks scheduled from follow-on schedule check
