[2025-11-29T01:32:05.497+0000] {taskinstance.py:1957} INFO - Dependencies all met for dep_context=non-requeueable deps ti=<TaskInstance: smart_access_pipeline.load_to_postgres scheduled__2025-11-27T02:00:00+00:00 [queued]>
[2025-11-29T01:32:05.500+0000] {taskinstance.py:1957} INFO - Dependencies all met for dep_context=requeueable deps ti=<TaskInstance: smart_access_pipeline.load_to_postgres scheduled__2025-11-27T02:00:00+00:00 [queued]>
[2025-11-29T01:32:05.500+0000] {taskinstance.py:2171} INFO - Starting attempt 1 of 3
[2025-11-29T01:32:05.504+0000] {taskinstance.py:2192} INFO - Executing <Task(BashOperator): load_to_postgres> on 2025-11-27 02:00:00+00:00
[2025-11-29T01:32:05.505+0000] {standard_task_runner.py:60} INFO - Started process 349 to run task
[2025-11-29T01:32:05.506+0000] {standard_task_runner.py:87} INFO - Running: ['***', 'tasks', 'run', 'smart_access_pipeline', 'load_to_postgres', 'scheduled__2025-11-27T02:00:00+00:00', '--job-id', '13', '--raw', '--subdir', 'DAGS_FOLDER/smart_access_pipeline_dag.py', '--cfg-path', '/tmp/tmp838ay38c']
[2025-11-29T01:32:05.508+0000] {standard_task_runner.py:88} INFO - Job 13: Subtask load_to_postgres
[2025-11-29T01:32:05.525+0000] {task_command.py:423} INFO - Running <TaskInstance: smart_access_pipeline.load_to_postgres scheduled__2025-11-27T02:00:00+00:00 [running]> on host e4a35d59b81b
[2025-11-29T01:32:05.551+0000] {taskinstance.py:2481} INFO - Exporting env vars: AIRFLOW_CTX_DAG_OWNER='data_engineering' AIRFLOW_CTX_DAG_ID='smart_access_pipeline' AIRFLOW_CTX_TASK_ID='load_to_postgres' AIRFLOW_CTX_EXECUTION_DATE='2025-11-27T02:00:00+00:00' AIRFLOW_CTX_TRY_NUMBER='1' AIRFLOW_CTX_DAG_RUN_ID='scheduled__2025-11-27T02:00:00+00:00'
[2025-11-29T01:32:05.552+0000] {subprocess.py:63} INFO - Tmp dir root location: /tmp
[2025-11-29T01:32:05.552+0000] {subprocess.py:75} INFO - Running command: ['/usr/bin/bash', '-c', 'python /opt/***/etl/load_to_postgres.py']
[2025-11-29T01:32:05.555+0000] {subprocess.py:86} INFO - Output:
[2025-11-29T01:32:05.717+0000] {subprocess.py:93} INFO - Traceback (most recent call last):
[2025-11-29T01:32:05.717+0000] {subprocess.py:93} INFO -   File "/opt/***/etl/load_to_postgres.py", line 7, in <module>
[2025-11-29T01:32:05.717+0000] {subprocess.py:93} INFO -     conn = psycopg2.connect(
[2025-11-29T01:32:05.717+0000] {subprocess.py:93} INFO -            ^^^^^^^^^^^^^^^^^
[2025-11-29T01:32:05.717+0000] {subprocess.py:93} INFO -   File "/home/***/.local/lib/python3.11/site-packages/psycopg2/__init__.py", line 122, in connect
[2025-11-29T01:32:05.718+0000] {subprocess.py:93} INFO -     conn = _connect(dsn, connection_factory=connection_factory, **kwasync)
[2025-11-29T01:32:05.718+0000] {subprocess.py:93} INFO -            ^^^^^^^^^^^^^^^^^^^^^^^^^^^^^^^^^^^^^^^^^^^^^^^^^^^^^^^^^^^^^^^
[2025-11-29T01:32:05.718+0000] {subprocess.py:93} INFO - psycopg2.OperationalError: connection to server at "localhost" (::1), port 5432 failed: Connection refused
[2025-11-29T01:32:05.718+0000] {subprocess.py:93} INFO - 	Is the server running on that host and accepting TCP/IP connections?
[2025-11-29T01:32:05.718+0000] {subprocess.py:93} INFO - connection to server at "localhost" (127.0.0.1), port 5432 failed: Connection refused
[2025-11-29T01:32:05.718+0000] {subprocess.py:93} INFO - 	Is the server running on that host and accepting TCP/IP connections?
[2025-11-29T01:32:05.718+0000] {subprocess.py:93} INFO - 
[2025-11-29T01:32:05.741+0000] {subprocess.py:97} INFO - Command exited with return code 1
[2025-11-29T01:32:05.747+0000] {taskinstance.py:2699} ERROR - Task failed with exception
Traceback (most recent call last):
  File "/home/airflow/.local/lib/python3.11/site-packages/airflow/models/taskinstance.py", line 428, in _execute_task
    result = execute_callable(context=context, **execute_callable_kwargs)
             ^^^^^^^^^^^^^^^^^^^^^^^^^^^^^^^^^^^^^^^^^^^^^^^^^^^^^^^^^^^^
  File "/home/airflow/.local/lib/python3.11/site-packages/airflow/operators/bash.py", line 212, in execute
    raise AirflowException(
airflow.exceptions.AirflowException: Bash command failed. The command returned a non-zero exit code 1.
[2025-11-29T01:32:05.748+0000] {taskinstance.py:1138} INFO - Marking task as UP_FOR_RETRY. dag_id=smart_access_pipeline, task_id=load_to_postgres, execution_date=20251127T020000, start_date=20251129T013205, end_date=20251129T013205
[2025-11-29T01:32:05.753+0000] {standard_task_runner.py:107} ERROR - Failed to execute job 13 for task load_to_postgres (Bash command failed. The command returned a non-zero exit code 1.; 349)
[2025-11-29T01:32:05.782+0000] {local_task_job_runner.py:234} INFO - Task exited with return code 1
[2025-11-29T01:32:05.792+0000] {taskinstance.py:3281} INFO - 0 downstream tasks scheduled from follow-on schedule check
